# Logfile created on 2013-01-21 20:31:54 -0500 by logger.rb/31641
REQUESTING PAGE: GET /signup with {} and HTTP headers {}
REQUESTING PAGE: GET /signup with {} and HTTP headers {}
REQUESTING PAGE: GET /signup with {} and HTTP headers {}
REQUESTING PAGE: GET /signup with {} and HTTP headers {}
REQUESTING PAGE: GET /signup with {} and HTTP headers {}
REQUESTING PAGE: POST /signup with {"utf8"=>"✓", "user"=>{"email"=>"", "password"=>"", "password_confirmation"=>""}, "commit"=>"Create Account"} and HTTP headers {"HTTP_REFERER"=>"/signup"}
REQUESTING PAGE: GET /signup with {} and HTTP headers {}
REQUESTING PAGE: POST /signup with {"utf8"=>"✓", "user"=>{"email"=>"", "password"=>"", "password_confirmation"=>""}, "commit"=>"Create Account"} and HTTP headers {"HTTP_REFERER"=>"/signup"}
REQUESTING PAGE: GET /signup with {} and HTTP headers {}
REQUESTING PAGE: POST /signup with {"utf8"=>"✓", "user"=>{"email"=>"", "password"=>"", "password_confirmation"=>""}, "commit"=>"Create Account"} and HTTP headers {"HTTP_REFERER"=>"/signup"}
REQUESTING PAGE: GET /signup with {} and HTTP headers {}
REQUESTING PAGE: POST /signup with {"utf8"=>"✓", "user"=>{"email"=>"test@example.com", "password"=>"123456", "password_confirmation"=>"123456"}, "commit"=>"Create Account"} and HTTP headers {"HTTP_REFERER"=>"/signup"}
REQUESTING PAGE: GET http://www.example.com/users/1 with {} and HTTP headers {"HTTP_REFERER"=>"/signup"}
REQUESTING PAGE: GET /signup with {} and HTTP headers {}
REQUESTING PAGE: POST /signup with {"utf8"=>"✓", "user"=>{"email"=>"test@example.com", "password"=>"123456", "password_confirmation"=>"12345"}, "commit"=>"Create Account"} and HTTP headers {"HTTP_REFERER"=>"/signup"}
REQUESTING PAGE: GET /signup with {} and HTTP headers {}
REQUESTING PAGE: POST /signup with {"utf8"=>"✓", "user"=>{"email"=>"test@example.com", "password"=>"123456", "password_confirmation"=>"12345"}, "commit"=>"Create Account"} and HTTP headers {"HTTP_REFERER"=>"/signup"}
REQUESTING PAGE: GET /signup with {} and HTTP headers {}
REQUESTING PAGE: POST /signup with {"utf8"=>"✓", "user"=>{"email"=>"test@example.com", "password"=>"123456", "password_confirmation"=>"12345"}, "commit"=>"Create Account"} and HTTP headers {"HTTP_REFERER"=>"/signup"}
REQUESTING PAGE: GET /signup with {} and HTTP headers {}
REQUESTING PAGE: POST /signup with {"utf8"=>"✓", "user"=>{"email"=>"test@example.com", "password"=>"123456", "password_confirmation"=>"12345"}, "commit"=>"Create Account"} and HTTP headers {"HTTP_REFERER"=>"/signup"}
REQUESTING PAGE: GET /signup with {} and HTTP headers {}
REQUESTING PAGE: POST /signup with {"utf8"=>"✓", "user"=>{"email"=>"test@example.com", "password"=>"123456", "password_confirmation"=>"12345"}, "commit"=>"Create Account"} and HTTP headers {"HTTP_REFERER"=>"/signup"}
REQUESTING PAGE: GET /signup with {} and HTTP headers {}
REQUESTING PAGE: POST /signup with {"utf8"=>"✓", "user"=>{"email"=>"testexample.com", "password"=>"123456", "password_confirmation"=>"123456"}, "commit"=>"Create Account"} and HTTP headers {"HTTP_REFERER"=>"/signup"}
REQUESTING PAGE: GET /signup with {} and HTTP headers {}
REQUESTING PAGE: POST /signup with {"utf8"=>"✓", "user"=>{"email"=>"test@example.com", "password"=>"123456", "password_confirmation"=>"12345"}, "commit"=>"Create Account"} and HTTP headers {"HTTP_REFERER"=>"/signup"}
REQUESTING PAGE: GET /signup with {} and HTTP headers {}
REQUESTING PAGE: POST /signup with {"utf8"=>"✓", "user"=>{"email"=>"testexample.com", "password"=>"123456", "password_confirmation"=>"123456"}, "commit"=>"Create Account"} and HTTP headers {"HTTP_REFERER"=>"/signup"}
REQUESTING PAGE: GET /signup with {} and HTTP headers {}
REQUESTING PAGE: POST /signup with {"utf8"=>"✓", "user"=>{"email"=>"test@example.com", "password"=>"12345", "password_confirmation"=>"12345"}, "commit"=>"Create Account"} and HTTP headers {"HTTP_REFERER"=>"/signup"}
REQUESTING PAGE: GET /signup with {} and HTTP headers {}
REQUESTING PAGE: POST /signup with {"utf8"=>"✓", "user"=>{"email"=>"test@example.com", "password"=>"123456", "password_confirmation"=>"12345"}, "commit"=>"Create Account"} and HTTP headers {"HTTP_REFERER"=>"/signup"}
REQUESTING PAGE: GET /signup with {} and HTTP headers {}
REQUESTING PAGE: POST /signup with {"utf8"=>"✓", "user"=>{"email"=>"testexample.com", "password"=>"123456", "password_confirmation"=>"123456"}, "commit"=>"Create Account"} and HTTP headers {"HTTP_REFERER"=>"/signup"}
REQUESTING PAGE: GET /signup with {} and HTTP headers {}
REQUESTING PAGE: POST /signup with {"utf8"=>"✓", "user"=>{"email"=>"test@example.com", "password"=>"12345", "password_confirmation"=>"12345"}, "commit"=>"Create Account"} and HTTP headers {"HTTP_REFERER"=>"/signup"}
REQUESTING PAGE: GET /signup with {} and HTTP headers {}
REQUESTING PAGE: POST /signup with {"utf8"=>"✓", "user"=>{"email"=>"test@example.com", "password"=>"123456", "password_confirmation"=>"123456"}, "commit"=>"Create Account"} and HTTP headers {"HTTP_REFERER"=>"/signup"}
REQUESTING PAGE: GET http://www.example.com/users/2 with {} and HTTP headers {"HTTP_REFERER"=>"/signup"}
REQUESTING PAGE: GET /signup with {} and HTTP headers {"HTTP_REFERER"=>"http://www.example.com/users/2"}
REQUESTING PAGE: POST /signup with {"utf8"=>"✓", "user"=>{"email"=>"test@example.com", "password"=>"123456", "password_confirmation"=>"123456"}, "commit"=>"Create Account"} and HTTP headers {"HTTP_REFERER"=>"/signup"}
REQUESTING PAGE: GET /signup with {} and HTTP headers {}
REQUESTING PAGE: POST /signup with {"utf8"=>"✓", "user"=>{"email"=>"test@example.com", "password"=>"123456", "password_confirmation"=>"12345"}, "commit"=>"Create Account"} and HTTP headers {"HTTP_REFERER"=>"/signup"}
REQUESTING PAGE: GET /signup with {} and HTTP headers {}
REQUESTING PAGE: POST /signup with {"utf8"=>"✓", "user"=>{"email"=>"testexample.com", "password"=>"123456", "password_confirmation"=>"123456"}, "commit"=>"Create Account"} and HTTP headers {"HTTP_REFERER"=>"/signup"}
REQUESTING PAGE: GET /signup with {} and HTTP headers {}
REQUESTING PAGE: POST /signup with {"utf8"=>"✓", "user"=>{"email"=>"test@example.com", "password"=>"12345", "password_confirmation"=>"12345"}, "commit"=>"Create Account"} and HTTP headers {"HTTP_REFERER"=>"/signup"}
REQUESTING PAGE: GET /signup with {} and HTTP headers {}
REQUESTING PAGE: POST /signup with {"utf8"=>"✓", "user"=>{"email"=>"test@example.com", "password"=>"123456", "password_confirmation"=>"123456"}, "commit"=>"Create Account"} and HTTP headers {"HTTP_REFERER"=>"/signup"}
REQUESTING PAGE: GET http://www.example.com/users/3 with {} and HTTP headers {"HTTP_REFERER"=>"/signup"}
REQUESTING PAGE: GET /signup with {} and HTTP headers {"HTTP_REFERER"=>"http://www.example.com/users/3"}
REQUESTING PAGE: POST /signup with {"utf8"=>"✓", "user"=>{"email"=>"test@example.com", "password"=>"123456", "password_confirmation"=>"123456"}, "commit"=>"Create Account"} and HTTP headers {"HTTP_REFERER"=>"/signup"}
REQUESTING PAGE: GET /signup with {} and HTTP headers {}
REQUESTING PAGE: POST /signup with {"utf8"=>"✓", "user"=>{"email"=>"test@example.com", "password"=>"123456", "password_confirmation"=>"123456"}, "commit"=>"Create Account"} and HTTP headers {"HTTP_REFERER"=>"/signup"}
REQUESTING PAGE: GET http://www.example.com/users/4 with {} and HTTP headers {"HTTP_REFERER"=>"/signup"}
REQUESTING PAGE: GET /signup with {} and HTTP headers {}
REQUESTING PAGE: POST /signup with {"utf8"=>"✓", "user"=>{"email"=>"test@example.com", "password"=>"123456", "password_confirmation"=>"12345"}, "commit"=>"Create Account"} and HTTP headers {"HTTP_REFERER"=>"/signup"}
REQUESTING PAGE: GET /signup with {} and HTTP headers {}
REQUESTING PAGE: POST /signup with {"utf8"=>"✓", "user"=>{"email"=>"testexample.com", "password"=>"123456", "password_confirmation"=>"123456"}, "commit"=>"Create Account"} and HTTP headers {"HTTP_REFERER"=>"/signup"}
REQUESTING PAGE: GET /signup with {} and HTTP headers {}
REQUESTING PAGE: POST /signup with {"utf8"=>"✓", "user"=>{"email"=>"test@example.com", "password"=>"12345", "password_confirmation"=>"12345"}, "commit"=>"Create Account"} and HTTP headers {"HTTP_REFERER"=>"/signup"}
REQUESTING PAGE: GET /signup with {} and HTTP headers {}
REQUESTING PAGE: POST /signup with {"utf8"=>"✓", "user"=>{"email"=>"test@example.com", "password"=>"123456", "password_confirmation"=>"123456"}, "commit"=>"Create Account"} and HTTP headers {"HTTP_REFERER"=>"/signup"}
REQUESTING PAGE: GET http://www.example.com/users/5 with {} and HTTP headers {"HTTP_REFERER"=>"/signup"}
REQUESTING PAGE: GET /signup with {} and HTTP headers {"HTTP_REFERER"=>"http://www.example.com/users/5"}
REQUESTING PAGE: POST /signup with {"utf8"=>"✓", "user"=>{"email"=>"test@example.com", "password"=>"123456", "password_confirmation"=>"123456"}, "commit"=>"Create Account"} and HTTP headers {"HTTP_REFERER"=>"/signup"}
REQUESTING PAGE: GET /signup with {} and HTTP headers {}
REQUESTING PAGE: POST /signup with {"utf8"=>"✓", "user"=>{"email"=>"test@example.com", "password"=>"123456", "password_confirmation"=>"123456"}, "commit"=>"Create Account"} and HTTP headers {"HTTP_REFERER"=>"/signup"}
REQUESTING PAGE: GET http://www.example.com/users/6 with {} and HTTP headers {"HTTP_REFERER"=>"/signup"}
REQUESTING PAGE: GET /signup with {} and HTTP headers {}
REQUESTING PAGE: POST /signup with {"utf8"=>"✓", "user"=>{"email"=>"test@example.com", "password"=>"123456", "password_confirmation"=>"12345"}, "commit"=>"Create Account"} and HTTP headers {"HTTP_REFERER"=>"/signup"}
REQUESTING PAGE: GET /signup with {} and HTTP headers {}
REQUESTING PAGE: POST /signup with {"utf8"=>"✓", "user"=>{"email"=>"testexample.com", "password"=>"123456", "password_confirmation"=>"123456"}, "commit"=>"Create Account"} and HTTP headers {"HTTP_REFERER"=>"/signup"}
REQUESTING PAGE: GET /signup with {} and HTTP headers {}
REQUESTING PAGE: POST /signup with {"utf8"=>"✓", "user"=>{"email"=>"test@example.com", "password"=>"12345", "password_confirmation"=>"12345"}, "commit"=>"Create Account"} and HTTP headers {"HTTP_REFERER"=>"/signup"}
REQUESTING PAGE: GET /signup with {} and HTTP headers {}
REQUESTING PAGE: POST /signup with {"utf8"=>"✓", "user"=>{"email"=>"test@example.com", "password"=>"123456", "password_confirmation"=>"123456"}, "commit"=>"Create Account"} and HTTP headers {"HTTP_REFERER"=>"/signup"}
REQUESTING PAGE: GET http://www.example.com/users/7 with {} and HTTP headers {"HTTP_REFERER"=>"/signup"}
REQUESTING PAGE: GET /signup with {} and HTTP headers {"HTTP_REFERER"=>"http://www.example.com/users/7"}
REQUESTING PAGE: POST /signup with {"utf8"=>"✓", "user"=>{"email"=>"test@example.com", "password"=>"123456", "password_confirmation"=>"123456"}, "commit"=>"Create Account"} and HTTP headers {"HTTP_REFERER"=>"/signup"}
REQUESTING PAGE: GET /signup with {} and HTTP headers {}
REQUESTING PAGE: POST /signup with {"utf8"=>"✓", "user"=>{"email"=>"test@example.com", "password"=>"123456", "password_confirmation"=>"123456"}, "commit"=>"Create Account"} and HTTP headers {"HTTP_REFERER"=>"/signup"}
REQUESTING PAGE: GET http://www.example.com/users/8 with {} and HTTP headers {"HTTP_REFERER"=>"/signup"}
REQUESTING PAGE: GET /signup with {} and HTTP headers {}
REQUESTING PAGE: POST /signup with {"utf8"=>"✓", "user"=>{"email"=>"test@example.com", "password"=>"123456", "password_confirmation"=>"12345"}, "commit"=>"Create Account"} and HTTP headers {"HTTP_REFERER"=>"/signup"}
REQUESTING PAGE: GET /signup with {} and HTTP headers {}
REQUESTING PAGE: POST /signup with {"utf8"=>"✓", "user"=>{"email"=>"testexample.com", "password"=>"123456", "password_confirmation"=>"123456"}, "commit"=>"Create Account"} and HTTP headers {"HTTP_REFERER"=>"/signup"}
REQUESTING PAGE: GET /signup with {} and HTTP headers {}
REQUESTING PAGE: POST /signup with {"utf8"=>"✓", "user"=>{"email"=>"test@example.com", "password"=>"12345", "password_confirmation"=>"12345"}, "commit"=>"Create Account"} and HTTP headers {"HTTP_REFERER"=>"/signup"}
REQUESTING PAGE: GET /signup with {} and HTTP headers {}
REQUESTING PAGE: POST /signup with {"utf8"=>"✓", "user"=>{"email"=>"test@example.com", "password"=>"123456", "password_confirmation"=>"123456"}, "commit"=>"Create Account"} and HTTP headers {"HTTP_REFERER"=>"/signup"}
REQUESTING PAGE: GET http://www.example.com/users/9 with {} and HTTP headers {"HTTP_REFERER"=>"/signup"}
REQUESTING PAGE: GET /signup with {} and HTTP headers {"HTTP_REFERER"=>"http://www.example.com/users/9"}
REQUESTING PAGE: POST /signup with {"utf8"=>"✓", "user"=>{"email"=>"test@example.com", "password"=>"123456", "password_confirmation"=>"123456"}, "commit"=>"Create Account"} and HTTP headers {"HTTP_REFERER"=>"/signup"}
REQUESTING PAGE: GET /signup with {} and HTTP headers {}
REQUESTING PAGE: POST /signup with {"utf8"=>"✓", "user"=>{"email"=>"test@example.com", "password"=>"123456", "password_confirmation"=>"123456"}, "commit"=>"Create Account"} and HTTP headers {"HTTP_REFERER"=>"/signup"}
REQUESTING PAGE: GET http://www.example.com/users/10 with {} and HTTP headers {"HTTP_REFERER"=>"/signup"}
REQUESTING PAGE: GET /signup with {} and HTTP headers {}
REQUESTING PAGE: POST /signup with {"utf8"=>"✓", "user"=>{"email"=>"test@example.com", "password"=>"123456", "password_confirmation"=>"12345"}, "commit"=>"Create Account"} and HTTP headers {"HTTP_REFERER"=>"/signup"}
REQUESTING PAGE: GET /signup with {} and HTTP headers {}
REQUESTING PAGE: POST /signup with {"utf8"=>"✓", "user"=>{"email"=>"testexample.com", "password"=>"123456", "password_confirmation"=>"123456"}, "commit"=>"Create Account"} and HTTP headers {"HTTP_REFERER"=>"/signup"}
REQUESTING PAGE: GET /signup with {} and HTTP headers {}
REQUESTING PAGE: POST /signup with {"utf8"=>"✓", "user"=>{"email"=>"test@example.com", "password"=>"12345", "password_confirmation"=>"12345"}, "commit"=>"Create Account"} and HTTP headers {"HTTP_REFERER"=>"/signup"}
REQUESTING PAGE: GET /signup with {} and HTTP headers {}
REQUESTING PAGE: POST /signup with {"utf8"=>"✓", "user"=>{"email"=>"test@example.com", "password"=>"123456", "password_confirmation"=>"123456"}, "commit"=>"Create Account"} and HTTP headers {"HTTP_REFERER"=>"/signup"}
REQUESTING PAGE: GET http://www.example.com/users/11 with {} and HTTP headers {"HTTP_REFERER"=>"/signup"}
REQUESTING PAGE: GET /signup with {} and HTTP headers {"HTTP_REFERER"=>"http://www.example.com/users/11"}
REQUESTING PAGE: POST /signup with {"utf8"=>"✓", "user"=>{"email"=>"test@example.com", "password"=>"123456", "password_confirmation"=>"123456"}, "commit"=>"Create Account"} and HTTP headers {"HTTP_REFERER"=>"/signup"}
REQUESTING PAGE: GET /signup with {} and HTTP headers {}
REQUESTING PAGE: POST /signup with {"utf8"=>"✓", "user"=>{"email"=>"test@example.com", "password"=>"123456", "password_confirmation"=>"123456"}, "commit"=>"Create Account"} and HTTP headers {"HTTP_REFERER"=>"/signup"}
REQUESTING PAGE: GET http://www.example.com/users/12 with {} and HTTP headers {"HTTP_REFERER"=>"/signup"}
REQUESTING PAGE: GET /signup with {} and HTTP headers {}
REQUESTING PAGE: POST /signup with {"utf8"=>"✓", "user"=>{"email"=>"test@example.com", "password"=>"123456", "password_confirmation"=>"12345"}, "commit"=>"Create Account"} and HTTP headers {"HTTP_REFERER"=>"/signup"}
REQUESTING PAGE: GET /signup with {} and HTTP headers {}
REQUESTING PAGE: POST /signup with {"utf8"=>"✓", "user"=>{"email"=>"testexample.com", "password"=>"123456", "password_confirmation"=>"123456"}, "commit"=>"Create Account"} and HTTP headers {"HTTP_REFERER"=>"/signup"}
REQUESTING PAGE: GET /signup with {} and HTTP headers {}
REQUESTING PAGE: POST /signup with {"utf8"=>"✓", "user"=>{"email"=>"test@example.com", "password"=>"12345", "password_confirmation"=>"12345"}, "commit"=>"Create Account"} and HTTP headers {"HTTP_REFERER"=>"/signup"}
REQUESTING PAGE: GET /signup with {} and HTTP headers {}
REQUESTING PAGE: POST /signup with {"utf8"=>"✓", "user"=>{"email"=>"test@example.com", "password"=>"123456", "password_confirmation"=>"123456"}, "commit"=>"Create Account"} and HTTP headers {"HTTP_REFERER"=>"/signup"}
REQUESTING PAGE: GET http://www.example.com/users/13 with {} and HTTP headers {"HTTP_REFERER"=>"/signup"}
REQUESTING PAGE: GET /signup with {} and HTTP headers {"HTTP_REFERER"=>"http://www.example.com/users/13"}
REQUESTING PAGE: POST /signup with {"utf8"=>"✓", "user"=>{"email"=>"test@example.com", "password"=>"123456", "password_confirmation"=>"123456"}, "commit"=>"Create Account"} and HTTP headers {"HTTP_REFERER"=>"/signup"}
REQUESTING PAGE: GET /signup with {} and HTTP headers {}
REQUESTING PAGE: POST /signup with {"utf8"=>"✓", "user"=>{"email"=>"test@example.com", "password"=>"123456", "password_confirmation"=>"123456"}, "commit"=>"Create Account"} and HTTP headers {"HTTP_REFERER"=>"/signup"}
REQUESTING PAGE: GET http://www.example.com/users/14 with {} and HTTP headers {"HTTP_REFERER"=>"/signup"}
REQUESTING PAGE: GET /signup with {} and HTTP headers {}
REQUESTING PAGE: POST /signup with {"utf8"=>"✓", "user"=>{"email"=>"test@example.com", "password"=>"123456", "password_confirmation"=>"12345"}, "commit"=>"Create Account"} and HTTP headers {"HTTP_REFERER"=>"/signup"}
REQUESTING PAGE: GET /signup with {} and HTTP headers {}
REQUESTING PAGE: POST /signup with {"utf8"=>"✓", "user"=>{"email"=>"testexample.com", "password"=>"123456", "password_confirmation"=>"123456"}, "commit"=>"Create Account"} and HTTP headers {"HTTP_REFERER"=>"/signup"}
REQUESTING PAGE: GET /signup with {} and HTTP headers {}
REQUESTING PAGE: POST /signup with {"utf8"=>"✓", "user"=>{"email"=>"test@example.com", "password"=>"12345", "password_confirmation"=>"12345"}, "commit"=>"Create Account"} and HTTP headers {"HTTP_REFERER"=>"/signup"}
REQUESTING PAGE: GET /signup with {} and HTTP headers {}
REQUESTING PAGE: POST /signup with {"utf8"=>"✓", "user"=>{"email"=>"test@example.com", "password"=>"123456", "password_confirmation"=>"123456"}, "commit"=>"Create Account"} and HTTP headers {"HTTP_REFERER"=>"/signup"}
REQUESTING PAGE: GET http://www.example.com/users/15 with {} and HTTP headers {"HTTP_REFERER"=>"/signup"}
REQUESTING PAGE: GET /signup with {} and HTTP headers {"HTTP_REFERER"=>"http://www.example.com/users/15"}
REQUESTING PAGE: POST /signup with {"utf8"=>"✓", "user"=>{"email"=>"test@example.com", "password"=>"123456", "password_confirmation"=>"123456"}, "commit"=>"Create Account"} and HTTP headers {"HTTP_REFERER"=>"/signup"}
REQUESTING PAGE: GET /signup with {} and HTTP headers {}
REQUESTING PAGE: POST /signup with {"utf8"=>"✓", "user"=>{"email"=>"test@example.com", "password"=>"123456", "password_confirmation"=>"123456"}, "commit"=>"Create Account"} and HTTP headers {"HTTP_REFERER"=>"/signup"}
REQUESTING PAGE: GET http://www.example.com/users/16 with {} and HTTP headers {"HTTP_REFERER"=>"/signup"}
REQUESTING PAGE: GET /signup with {} and HTTP headers {}
REQUESTING PAGE: POST /signup with {"utf8"=>"✓", "user"=>{"email"=>"test@example.com", "password"=>"123456", "password_confirmation"=>"12345"}, "commit"=>"Create Account"} and HTTP headers {"HTTP_REFERER"=>"/signup"}
REQUESTING PAGE: GET /signup with {} and HTTP headers {}
REQUESTING PAGE: POST /signup with {"utf8"=>"✓", "user"=>{"email"=>"testexample.com", "password"=>"123456", "password_confirmation"=>"123456"}, "commit"=>"Create Account"} and HTTP headers {"HTTP_REFERER"=>"/signup"}
REQUESTING PAGE: GET /signup with {} and HTTP headers {}
REQUESTING PAGE: POST /signup with {"utf8"=>"✓", "user"=>{"email"=>"test@example.com", "password"=>"12345", "password_confirmation"=>"12345"}, "commit"=>"Create Account"} and HTTP headers {"HTTP_REFERER"=>"/signup"}
REQUESTING PAGE: GET /signup with {} and HTTP headers {}
REQUESTING PAGE: POST /signup with {"utf8"=>"✓", "user"=>{"email"=>"test@example.com", "password"=>"123456", "password_confirmation"=>"123456"}, "commit"=>"Create Account"} and HTTP headers {"HTTP_REFERER"=>"/signup"}
REQUESTING PAGE: GET http://www.example.com/users/17 with {} and HTTP headers {"HTTP_REFERER"=>"/signup"}
REQUESTING PAGE: GET /signup with {} and HTTP headers {"HTTP_REFERER"=>"http://www.example.com/users/17"}
REQUESTING PAGE: POST /signup with {"utf8"=>"✓", "user"=>{"email"=>"test@example.com", "password"=>"123456", "password_confirmation"=>"123456"}, "commit"=>"Create Account"} and HTTP headers {"HTTP_REFERER"=>"/signup"}
REQUESTING PAGE: GET /signup with {} and HTTP headers {}
REQUESTING PAGE: POST /signup with {"utf8"=>"✓", "user"=>{"email"=>"test@example.com", "password"=>"123456", "password_confirmation"=>"123456"}, "commit"=>"Create Account"} and HTTP headers {"HTTP_REFERER"=>"/signup"}
REQUESTING PAGE: GET http://www.example.com/users/18 with {} and HTTP headers {"HTTP_REFERER"=>"/signup"}
REQUESTING PAGE: GET /signup with {} and HTTP headers {}
REQUESTING PAGE: POST /signup with {"utf8"=>"✓", "user"=>{"email"=>"test@example.com", "password"=>"123456", "password_confirmation"=>"12345"}, "commit"=>"Create Account"} and HTTP headers {"HTTP_REFERER"=>"/signup"}
REQUESTING PAGE: GET /signup with {} and HTTP headers {}
REQUESTING PAGE: POST /signup with {"utf8"=>"✓", "user"=>{"email"=>"testexample.com", "password"=>"123456", "password_confirmation"=>"123456"}, "commit"=>"Create Account"} and HTTP headers {"HTTP_REFERER"=>"/signup"}
REQUESTING PAGE: GET /signup with {} and HTTP headers {}
REQUESTING PAGE: POST /signup with {"utf8"=>"✓", "user"=>{"email"=>"test@example.com", "password"=>"12345", "password_confirmation"=>"12345"}, "commit"=>"Create Account"} and HTTP headers {"HTTP_REFERER"=>"/signup"}
REQUESTING PAGE: GET /signup with {} and HTTP headers {}
REQUESTING PAGE: POST /signup with {"utf8"=>"✓", "user"=>{"email"=>"test@example.com", "password"=>"123456", "password_confirmation"=>"123456"}, "commit"=>"Create Account"} and HTTP headers {"HTTP_REFERER"=>"/signup"}
REQUESTING PAGE: GET http://www.example.com/users/19 with {} and HTTP headers {"HTTP_REFERER"=>"/signup"}
REQUESTING PAGE: GET /signup with {} and HTTP headers {"HTTP_REFERER"=>"http://www.example.com/users/19"}
REQUESTING PAGE: POST /signup with {"utf8"=>"✓", "user"=>{"email"=>"test@example.com", "password"=>"123456", "password_confirmation"=>"123456"}, "commit"=>"Create Account"} and HTTP headers {"HTTP_REFERER"=>"/signup"}
REQUESTING PAGE: GET /signup with {} and HTTP headers {}
REQUESTING PAGE: POST /signup with {"utf8"=>"✓", "user"=>{"email"=>"test@example.com", "password"=>"123456", "password_confirmation"=>"123456"}, "commit"=>"Create Account"} and HTTP headers {"HTTP_REFERER"=>"/signup"}
REQUESTING PAGE: GET http://www.example.com/users/20 with {} and HTTP headers {"HTTP_REFERER"=>"/signup"}
REQUESTING PAGE: GET /signup with {} and HTTP headers {}
REQUESTING PAGE: POST /signup with {"utf8"=>"✓", "user"=>{"email"=>"test@example.com", "password"=>"123456", "password_confirmation"=>"12345"}, "commit"=>"Create Account"} and HTTP headers {"HTTP_REFERER"=>"/signup"}
REQUESTING PAGE: GET /signup with {} and HTTP headers {}
REQUESTING PAGE: POST /signup with {"utf8"=>"✓", "user"=>{"email"=>"testexample.com", "password"=>"123456", "password_confirmation"=>"123456"}, "commit"=>"Create Account"} and HTTP headers {"HTTP_REFERER"=>"/signup"}
REQUESTING PAGE: GET /signup with {} and HTTP headers {}
REQUESTING PAGE: POST /signup with {"utf8"=>"✓", "user"=>{"email"=>"test@example.com", "password"=>"12345", "password_confirmation"=>"12345"}, "commit"=>"Create Account"} and HTTP headers {"HTTP_REFERER"=>"/signup"}
REQUESTING PAGE: GET /signup with {} and HTTP headers {}
REQUESTING PAGE: POST /signup with {"utf8"=>"✓", "user"=>{"email"=>"test@example.com", "password"=>"123456", "password_confirmation"=>"123456"}, "commit"=>"Create Account"} and HTTP headers {"HTTP_REFERER"=>"/signup"}
REQUESTING PAGE: GET http://www.example.com/users/21 with {} and HTTP headers {"HTTP_REFERER"=>"/signup"}
REQUESTING PAGE: GET /signup with {} and HTTP headers {"HTTP_REFERER"=>"http://www.example.com/users/21"}
REQUESTING PAGE: POST /signup with {"utf8"=>"✓", "user"=>{"email"=>"test@example.com", "password"=>"123456", "password_confirmation"=>"123456"}, "commit"=>"Create Account"} and HTTP headers {"HTTP_REFERER"=>"/signup"}
REQUESTING PAGE: GET /signup with {} and HTTP headers {}
REQUESTING PAGE: POST /signup with {"utf8"=>"✓", "user"=>{"email"=>"test@example.com", "password"=>"123456", "password_confirmation"=>"123456"}, "commit"=>"Create Account"} and HTTP headers {"HTTP_REFERER"=>"/signup"}
REQUESTING PAGE: GET http://www.example.com/users/22 with {} and HTTP headers {"HTTP_REFERER"=>"/signup"}
REQUESTING PAGE: GET /signup with {} and HTTP headers {}
REQUESTING PAGE: POST /signup with {"utf8"=>"✓", "user"=>{"email"=>"test@example.com", "password"=>"123456", "password_confirmation"=>"12345"}, "commit"=>"Create Account"} and HTTP headers {"HTTP_REFERER"=>"/signup"}
REQUESTING PAGE: GET /signup with {} and HTTP headers {}
REQUESTING PAGE: POST /signup with {"utf8"=>"✓", "user"=>{"email"=>"testexample.com", "password"=>"123456", "password_confirmation"=>"123456"}, "commit"=>"Create Account"} and HTTP headers {"HTTP_REFERER"=>"/signup"}
REQUESTING PAGE: GET /signup with {} and HTTP headers {}
REQUESTING PAGE: POST /signup with {"utf8"=>"✓", "user"=>{"email"=>"test@example.com", "password"=>"12345", "password_confirmation"=>"12345"}, "commit"=>"Create Account"} and HTTP headers {"HTTP_REFERER"=>"/signup"}
REQUESTING PAGE: GET /signup with {} and HTTP headers {}
REQUESTING PAGE: POST /signup with {"utf8"=>"✓", "user"=>{"email"=>"test@example.com", "password"=>"123456", "password_confirmation"=>"123456"}, "commit"=>"Create Account"} and HTTP headers {"HTTP_REFERER"=>"/signup"}
REQUESTING PAGE: GET http://www.example.com/users/23 with {} and HTTP headers {"HTTP_REFERER"=>"/signup"}
REQUESTING PAGE: GET /signup with {} and HTTP headers {"HTTP_REFERER"=>"http://www.example.com/users/23"}
REQUESTING PAGE: POST /signup with {"utf8"=>"✓", "user"=>{"email"=>"test@example.com", "password"=>"123456", "password_confirmation"=>"123456"}, "commit"=>"Create Account"} and HTTP headers {"HTTP_REFERER"=>"/signup"}
REQUESTING PAGE: GET /signup with {} and HTTP headers {}
REQUESTING PAGE: POST /signup with {"utf8"=>"✓", "user"=>{"email"=>"test@example.com", "password"=>"123456", "password_confirmation"=>"123456"}, "commit"=>"Create Account"} and HTTP headers {"HTTP_REFERER"=>"/signup"}
REQUESTING PAGE: GET http://www.example.com/users/24 with {} and HTTP headers {"HTTP_REFERER"=>"/signup"}
REQUESTING PAGE: GET /signup with {} and HTTP headers {}
REQUESTING PAGE: POST /signup with {"utf8"=>"✓", "user"=>{"email"=>"test@example.com", "password"=>"123456", "password_confirmation"=>"12345"}, "commit"=>"Create Account"} and HTTP headers {"HTTP_REFERER"=>"/signup"}
REQUESTING PAGE: GET /signup with {} and HTTP headers {}
REQUESTING PAGE: POST /signup with {"utf8"=>"✓", "user"=>{"email"=>"testexample.com", "password"=>"123456", "password_confirmation"=>"123456"}, "commit"=>"Create Account"} and HTTP headers {"HTTP_REFERER"=>"/signup"}
REQUESTING PAGE: GET /signup with {} and HTTP headers {}
REQUESTING PAGE: POST /signup with {"utf8"=>"✓", "user"=>{"email"=>"test@example.com", "password"=>"12345", "password_confirmation"=>"12345"}, "commit"=>"Create Account"} and HTTP headers {"HTTP_REFERER"=>"/signup"}
REQUESTING PAGE: GET /signup with {} and HTTP headers {}
REQUESTING PAGE: POST /signup with {"utf8"=>"✓", "user"=>{"email"=>"test@example.com", "password"=>"123456", "password_confirmation"=>"123456"}, "commit"=>"Create Account"} and HTTP headers {"HTTP_REFERER"=>"/signup"}
REQUESTING PAGE: GET http://www.example.com/users/25 with {} and HTTP headers {"HTTP_REFERER"=>"/signup"}
REQUESTING PAGE: GET /signup with {} and HTTP headers {"HTTP_REFERER"=>"http://www.example.com/users/25"}
REQUESTING PAGE: POST /signup with {"utf8"=>"✓", "user"=>{"email"=>"test@example.com", "password"=>"123456", "password_confirmation"=>"123456"}, "commit"=>"Create Account"} and HTTP headers {"HTTP_REFERER"=>"/signup"}
REQUESTING PAGE: GET /signup with {} and HTTP headers {}
REQUESTING PAGE: POST /signup with {"utf8"=>"✓", "user"=>{"email"=>"test@example.com", "password"=>"123456", "password_confirmation"=>"123456"}, "commit"=>"Create Account"} and HTTP headers {"HTTP_REFERER"=>"/signup"}
REQUESTING PAGE: GET http://www.example.com/users/26 with {} and HTTP headers {"HTTP_REFERER"=>"/signup"}
REQUESTING PAGE: GET /signup with {} and HTTP headers {}
REQUESTING PAGE: POST /signup with {"utf8"=>"✓", "user"=>{"email"=>"test@example.com", "password"=>"123456", "password_confirmation"=>"12345"}, "commit"=>"Create Account"} and HTTP headers {"HTTP_REFERER"=>"/signup"}
REQUESTING PAGE: GET /signup with {} and HTTP headers {}
REQUESTING PAGE: POST /signup with {"utf8"=>"✓", "user"=>{"email"=>"testexample.com", "password"=>"123456", "password_confirmation"=>"123456"}, "commit"=>"Create Account"} and HTTP headers {"HTTP_REFERER"=>"/signup"}
REQUESTING PAGE: GET /signup with {} and HTTP headers {}
REQUESTING PAGE: POST /signup with {"utf8"=>"✓", "user"=>{"email"=>"test@example.com", "password"=>"12345", "password_confirmation"=>"12345"}, "commit"=>"Create Account"} and HTTP headers {"HTTP_REFERER"=>"/signup"}
REQUESTING PAGE: GET /signup with {} and HTTP headers {}
REQUESTING PAGE: POST /signup with {"utf8"=>"✓", "user"=>{"email"=>"test@example.com", "password"=>"123456", "password_confirmation"=>"123456"}, "commit"=>"Create Account"} and HTTP headers {"HTTP_REFERER"=>"/signup"}
REQUESTING PAGE: GET http://www.example.com/users/27 with {} and HTTP headers {"HTTP_REFERER"=>"/signup"}
REQUESTING PAGE: GET /signup with {} and HTTP headers {"HTTP_REFERER"=>"http://www.example.com/users/27"}
REQUESTING PAGE: POST /signup with {"utf8"=>"✓", "user"=>{"email"=>"test@example.com", "password"=>"123456", "password_confirmation"=>"123456"}, "commit"=>"Create Account"} and HTTP headers {"HTTP_REFERER"=>"/signup"}
REQUESTING PAGE: GET /signup with {} and HTTP headers {}
REQUESTING PAGE: POST /signup with {"utf8"=>"✓", "user"=>{"email"=>"test@example.com", "password"=>"123456", "password_confirmation"=>"123456"}, "commit"=>"Create Account"} and HTTP headers {"HTTP_REFERER"=>"/signup"}
REQUESTING PAGE: GET http://www.example.com/users/28 with {} and HTTP headers {"HTTP_REFERER"=>"/signup"}
